# ------------------------------------------- // System
com.github.tchx84.Flatseal                     # Flatseal
org.gnome.Boxes                                # Boxes
# com.usebottles.bottles                       # Bottles
# io.github.dimtpap.coppwr                     # Coppwr

# Browser
com.brave.Browser #Brave
# org.torproject.torbrowser-launcher #Tor

# Social
# io.github.spacingbat3.webcord #Webcord
com.discordapp.Discord #Discord
org.signal.Signal #Signal

# ------------------------------------------- // Social
# org.signal.Signal                            # Signal
# com.discordapp.Discord                       # Discord
# dev.vencord.Vesktop                          # Vesktop
io.github.spacingbat3.webcord                  # Webcord

# ------------------------------------------- // Productivity
# md.obsidian.Obsidian                         # Obsidian
# org.mozilla.Thunderbird                      # Thunderbird
# io.github.alainm23.planify                   # Planify

# ------------------------------------------- // Image/Graphics
org.inkscape.Inkscape                          # Inkscape
org.kde.krita                                  # Krita
org.gimp.GIMP                                  # Gimp
org.blender.Blender                            # Blender
io.gitlab.theevilskeleton.Upscaler             # ImageUpscaler

# Audio/Video
# com.spotify.Client #Spotify
# org.kde.kdenlive #Kdenlive
com.obsproject.Studio #Obs
com.github.rafostar.Clapper #Clapper
com.github.unrud.VideoDownloader #VideoDownloader

# ------------------------------------------- // Audio/Video
# com.spotify.Client                           # Spotify
# org.kde.kdenlive                             # Kdenlive
com.obsproject.Studio                          # Obs
com.github.rafostar.Clapper                    # Clapper
com.github.unrud.VideoDownloader               # VideoDownloader

# ------------------------------------------- // Gaming
# hu.kramo.Cartridges                          # Cartridges
# com.github.Matoking.protontricks             # ProtonTricks
# net.davidotek.pupgui2                        # ProtonUp
